<?xml version="1.0" encoding="UTF-8"?>
<testsuite name="rest.PersonRepositoryTest" tests="1" skipped="0" failures="0" errors="0" timestamp="2014-10-05T13:03:54" hostname="thomi-note" time="0.083">
  <properties/>
  <testcase name="insertPersonTest" classname="rest.PersonRepositoryTest" time="0.083"/>
  <system-out><![CDATA[{ "serverUsed" : "localhost:27017" , "ok" : 1 , "n" : 0}
]]></system-out>
  <system-err><![CDATA[]]></system-err>
</testsuite>
